{"/Users/jim/work/fiduciary/services/gmailClient.ts": {"path":"/Users/jim/work/fiduciary/services/gmailClient.ts","statementMap":{"0":{"start":{"line":53,"column":2},"end":{"line":53,"column":null}},"1":{"start":{"line":59,"column":21},"end":{"line":59,"column":null}},"2":{"start":{"line":60,"column":4},"end":{"line":60,"column":null}},"3":{"start":{"line":72,"column":25},"end":{"line":72,"column":null}},"4":{"start":{"line":73,"column":4},"end":{"line":75,"column":null}},"5":{"start":{"line":74,"column":6},"end":{"line":74,"column":null}},"6":{"start":{"line":76,"column":4},"end":{"line":78,"column":null}},"7":{"start":{"line":77,"column":6},"end":{"line":77,"column":null}},"8":{"start":{"line":79,"column":4},"end":{"line":81,"column":null}},"9":{"start":{"line":80,"column":6},"end":{"line":80,"column":null}},"10":{"start":{"line":82,"column":4},"end":{"line":84,"column":null}},"11":{"start":{"line":83,"column":6},"end":{"line":83,"column":null}},"12":{"start":{"line":86,"column":21},"end":{"line":86,"column":null}},"13":{"start":{"line":87,"column":4},"end":{"line":87,"column":null}},"14":{"start":{"line":97,"column":25},"end":{"line":97,"column":null}},"15":{"start":{"line":98,"column":4},"end":{"line":100,"column":null}},"16":{"start":{"line":99,"column":6},"end":{"line":99,"column":null}},"17":{"start":{"line":101,"column":4},"end":{"line":103,"column":null}},"18":{"start":{"line":102,"column":6},"end":{"line":102,"column":null}},"19":{"start":{"line":105,"column":21},"end":{"line":105,"column":null}},"20":{"start":{"line":106,"column":4},"end":{"line":106,"column":null}},"21":{"start":{"line":113,"column":21},"end":{"line":113,"column":null}},"22":{"start":{"line":114,"column":4},"end":{"line":114,"column":null}},"23":{"start":{"line":125,"column":25},"end":{"line":125,"column":null}},"24":{"start":{"line":126,"column":4},"end":{"line":128,"column":null}},"25":{"start":{"line":127,"column":6},"end":{"line":127,"column":null}},"26":{"start":{"line":129,"column":4},"end":{"line":131,"column":null}},"27":{"start":{"line":130,"column":6},"end":{"line":130,"column":null}},"28":{"start":{"line":132,"column":4},"end":{"line":134,"column":null}},"29":{"start":{"line":133,"column":6},"end":{"line":133,"column":null}},"30":{"start":{"line":136,"column":21},"end":{"line":136,"column":null}},"31":{"start":{"line":137,"column":4},"end":{"line":137,"column":null}},"32":{"start":{"line":147,"column":25},"end":{"line":147,"column":null}},"33":{"start":{"line":148,"column":4},"end":{"line":150,"column":null}},"34":{"start":{"line":149,"column":6},"end":{"line":149,"column":null}},"35":{"start":{"line":151,"column":4},"end":{"line":153,"column":null}},"36":{"start":{"line":152,"column":6},"end":{"line":152,"column":null}},"37":{"start":{"line":155,"column":21},"end":{"line":155,"column":null}},"38":{"start":{"line":156,"column":4},"end":{"line":156,"column":null}},"39":{"start":{"line":163,"column":21},"end":{"line":163,"column":null}},"40":{"start":{"line":164,"column":4},"end":{"line":164,"column":null}},"41":{"start":{"line":171,"column":21},"end":{"line":171,"column":null}},"42":{"start":{"line":172,"column":4},"end":{"line":172,"column":null}},"43":{"start":{"line":188,"column":18},"end":{"line":209,"column":null}},"44":{"start":{"line":211,"column":25},"end":{"line":214,"column":null}},"45":{"start":{"line":216,"column":17},"end":{"line":219,"column":null}},"46":{"start":{"line":221,"column":21},"end":{"line":224,"column":null}},"47":{"start":{"line":226,"column":4},"end":{"line":226,"column":null}},"48":{"start":{"line":236,"column":21},"end":{"line":239,"column":null}},"49":{"start":{"line":240,"column":4},"end":{"line":240,"column":null}},"50":{"start":{"line":247,"column":4},"end":{"line":247,"column":null}},"51":{"start":{"line":258,"column":4},"end":{"line":258,"column":null}},"52":{"start":{"line":265,"column":4},"end":{"line":277,"column":null}},"53":{"start":{"line":267,"column":21},"end":{"line":267,"column":null}},"54":{"start":{"line":268,"column":21},"end":{"line":268,"column":null}},"55":{"start":{"line":269,"column":6},"end":{"line":274,"column":null}},"56":{"start":{"line":272,"column":22},"end":{"line":272,"column":75}},"57":{"start":{"line":276,"column":6},"end":{"line":276,"column":null}},"58":{"start":{"line":284,"column":29},"end":{"line":295,"column":null}},"59":{"start":{"line":285,"column":6},"end":{"line":293,"column":null}},"60":{"start":{"line":286,"column":8},"end":{"line":288,"column":null}},"61":{"start":{"line":287,"column":10},"end":{"line":287,"column":null}},"62":{"start":{"line":289,"column":8},"end":{"line":292,"column":null}},"63":{"start":{"line":290,"column":23},"end":{"line":290,"column":null}},"64":{"start":{"line":291,"column":10},"end":{"line":291,"column":null}},"65":{"start":{"line":291,"column":20},"end":{"line":291,"column":null}},"66":{"start":{"line":294,"column":6},"end":{"line":294,"column":null}},"67":{"start":{"line":297,"column":4},"end":{"line":304,"column":null}},"68":{"start":{"line":298,"column":6},"end":{"line":300,"column":null}},"69":{"start":{"line":299,"column":8},"end":{"line":299,"column":null}},"70":{"start":{"line":301,"column":6},"end":{"line":303,"column":null}},"71":{"start":{"line":302,"column":8},"end":{"line":302,"column":null}},"72":{"start":{"line":306,"column":4},"end":{"line":306,"column":null}},"73":{"start":{"line":313,"column":29},"end":{"line":324,"column":null}},"74":{"start":{"line":314,"column":6},"end":{"line":322,"column":null}},"75":{"start":{"line":315,"column":8},"end":{"line":317,"column":null}},"76":{"start":{"line":316,"column":10},"end":{"line":316,"column":null}},"77":{"start":{"line":318,"column":8},"end":{"line":321,"column":null}},"78":{"start":{"line":319,"column":23},"end":{"line":319,"column":null}},"79":{"start":{"line":320,"column":10},"end":{"line":320,"column":null}},"80":{"start":{"line":320,"column":20},"end":{"line":320,"column":null}},"81":{"start":{"line":323,"column":6},"end":{"line":323,"column":null}},"82":{"start":{"line":326,"column":4},"end":{"line":333,"column":null}},"83":{"start":{"line":327,"column":6},"end":{"line":329,"column":null}},"84":{"start":{"line":328,"column":8},"end":{"line":328,"column":null}},"85":{"start":{"line":330,"column":6},"end":{"line":332,"column":null}},"86":{"start":{"line":331,"column":8},"end":{"line":331,"column":null}},"87":{"start":{"line":335,"column":4},"end":{"line":335,"column":null}},"88":{"start":{"line":342,"column":4},"end":{"line":342,"column":null}},"89":{"start":{"line":342,"column":35},"end":{"line":342,"column":null}},"90":{"start":{"line":343,"column":4},"end":{"line":343,"column":null}},"91":{"start":{"line":343,"column":45},"end":{"line":343,"column":88}},"92":{"start":{"line":350,"column":10},"end":{"line":350,"column":null}},"93":{"start":{"line":351,"column":18},"end":{"line":351,"column":null}},"94":{"start":{"line":353,"column":21},"end":{"line":360,"column":null}},"95":{"start":{"line":362,"column":4},"end":{"line":365,"column":null}},"96":{"start":{"line":363,"column":20},"end":{"line":363,"column":null}},"97":{"start":{"line":364,"column":6},"end":{"line":364,"column":null}},"98":{"start":{"line":367,"column":4},"end":{"line":367,"column":null}},"99":{"start":{"line":372,"column":38},"end":{"line":372,"column":null}},"100":{"start":{"line":374,"column":30},"end":{"line":379,"column":null}},"101":{"start":{"line":375,"column":2},"end":{"line":377,"column":null}},"102":{"start":{"line":376,"column":4},"end":{"line":376,"column":null}},"103":{"start":{"line":378,"column":2},"end":{"line":378,"column":null}}},"fnMap":{"0":{"name":"(anonymous_0)","decl":{"start":{"line":52,"column":7},"end":{"line":52,"column":13}},"loc":{"start":{"line":52,"column":7},"end":{"line":53,"column":null}},"line":52},"1":{"name":"(anonymous_1)","decl":{"start":{"line":58,"column":8},"end":{"line":58,"column":35}},"loc":{"start":{"line":58,"column":35},"end":{"line":61,"column":null}},"line":58},"2":{"name":"(anonymous_2)","decl":{"start":{"line":66,"column":8},"end":{"line":66,"column":21}},"loc":{"start":{"line":71,"column":93},"end":{"line":88,"column":null}},"line":71},"3":{"name":"(anonymous_3)","decl":{"start":{"line":93,"column":8},"end":{"line":93,"column":19}},"loc":{"start":{"line":96,"column":28},"end":{"line":107,"column":null}},"line":96},"4":{"name":"(anonymous_4)","decl":{"start":{"line":112,"column":8},"end":{"line":112,"column":22}},"loc":{"start":{"line":112,"column":90},"end":{"line":115,"column":null}},"line":112},"5":{"name":"(anonymous_5)","decl":{"start":{"line":120,"column":8},"end":{"line":120,"column":20}},"loc":{"start":{"line":124,"column":110},"end":{"line":138,"column":null}},"line":124},"6":{"name":"(anonymous_6)","decl":{"start":{"line":143,"column":8},"end":{"line":143,"column":18}},"loc":{"start":{"line":146,"column":27},"end":{"line":157,"column":null}},"line":146},"7":{"name":"(anonymous_7)","decl":{"start":{"line":162,"column":8},"end":{"line":162,"column":56}},"loc":{"start":{"line":162,"column":56},"end":{"line":165,"column":null}},"line":162},"8":{"name":"(anonymous_8)","decl":{"start":{"line":170,"column":8},"end":{"line":170,"column":17}},"loc":{"start":{"line":170,"column":50},"end":{"line":173,"column":null}},"line":170},"9":{"name":"(anonymous_9)","decl":{"start":{"line":178,"column":8},"end":{"line":178,"column":20}},"loc":{"start":{"line":186,"column":28},"end":{"line":227,"column":null}},"line":186},"10":{"name":"(anonymous_10)","decl":{"start":{"line":232,"column":8},"end":{"line":232,"column":22}},"loc":{"start":{"line":235,"column":28},"end":{"line":241,"column":null}},"line":235},"11":{"name":"(anonymous_11)","decl":{"start":{"line":246,"column":8},"end":{"line":246,"column":22}},"loc":{"start":{"line":246,"column":49},"end":{"line":248,"column":null}},"line":246},"12":{"name":"(anonymous_12)","decl":{"start":{"line":253,"column":8},"end":{"line":253,"column":15}},"loc":{"start":{"line":257,"column":93},"end":{"line":259,"column":null}},"line":257},"13":{"name":"(anonymous_13)","decl":{"start":{"line":264,"column":9},"end":{"line":264,"column":22}},"loc":{"start":{"line":264,"column":44},"end":{"line":278,"column":null}},"line":264},"14":{"name":"(anonymous_14)","decl":{"start":{"line":272,"column":15},"end":{"line":272,"column":16}},"loc":{"start":{"line":272,"column":22},"end":{"line":272,"column":75}},"line":272},"15":{"name":"(anonymous_15)","decl":{"start":{"line":283,"column":9},"end":{"line":283,"column":22}},"loc":{"start":{"line":283,"column":53},"end":{"line":307,"column":null}},"line":283},"16":{"name":"(anonymous_16)","decl":{"start":{"line":284,"column":29},"end":{"line":284,"column":30}},"loc":{"start":{"line":284,"column":71},"end":{"line":295,"column":null}},"line":284},"17":{"name":"(anonymous_17)","decl":{"start":{"line":312,"column":9},"end":{"line":312,"column":17}},"loc":{"start":{"line":312,"column":48},"end":{"line":336,"column":null}},"line":312},"18":{"name":"(anonymous_18)","decl":{"start":{"line":313,"column":29},"end":{"line":313,"column":30}},"loc":{"start":{"line":313,"column":71},"end":{"line":324,"column":null}},"line":313},"19":{"name":"(anonymous_19)","decl":{"start":{"line":341,"column":9},"end":{"line":341,"column":19}},"loc":{"start":{"line":341,"column":76},"end":{"line":344,"column":null}},"line":341},"20":{"name":"(anonymous_20)","decl":{"start":{"line":343,"column":40},"end":{"line":343,"column":45}},"loc":{"start":{"line":343,"column":45},"end":{"line":343,"column":88}},"line":343},"21":{"name":"(anonymous_21)","decl":{"start":{"line":349,"column":16},"end":{"line":349,"column":22}},"loc":{"start":{"line":349,"column":75},"end":{"line":368,"column":null}},"line":349},"22":{"name":"(anonymous_22)","decl":{"start":{"line":374,"column":30},"end":{"line":374,"column":49}},"loc":{"start":{"line":374,"column":49},"end":{"line":379,"column":null}},"line":374}},"branchMap":{"0":{"loc":{"start":{"line":73,"column":4},"end":{"line":75,"column":null}},"type":"if","locations":[{"start":{"line":73,"column":4},"end":{"line":75,"column":null}},{"start":{},"end":{}}],"line":73},"1":{"loc":{"start":{"line":76,"column":4},"end":{"line":78,"column":null}},"type":"if","locations":[{"start":{"line":76,"column":4},"end":{"line":78,"column":null}},{"start":{},"end":{}}],"line":76},"2":{"loc":{"start":{"line":79,"column":4},"end":{"line":81,"column":null}},"type":"if","locations":[{"start":{"line":79,"column":4},"end":{"line":81,"column":null}},{"start":{},"end":{}}],"line":79},"3":{"loc":{"start":{"line":82,"column":4},"end":{"line":84,"column":null}},"type":"if","locations":[{"start":{"line":82,"column":4},"end":{"line":84,"column":null}},{"start":{},"end":{}}],"line":82},"4":{"loc":{"start":{"line":98,"column":4},"end":{"line":100,"column":null}},"type":"if","locations":[{"start":{"line":98,"column":4},"end":{"line":100,"column":null}},{"start":{},"end":{}}],"line":98},"5":{"loc":{"start":{"line":101,"column":4},"end":{"line":103,"column":null}},"type":"if","locations":[{"start":{"line":101,"column":4},"end":{"line":103,"column":null}},{"start":{},"end":{}}],"line":101},"6":{"loc":{"start":{"line":126,"column":4},"end":{"line":128,"column":null}},"type":"if","locations":[{"start":{"line":126,"column":4},"end":{"line":128,"column":null}},{"start":{},"end":{}}],"line":126},"7":{"loc":{"start":{"line":129,"column":4},"end":{"line":131,"column":null}},"type":"if","locations":[{"start":{"line":129,"column":4},"end":{"line":131,"column":null}},{"start":{},"end":{}}],"line":129},"8":{"loc":{"start":{"line":132,"column":4},"end":{"line":134,"column":null}},"type":"if","locations":[{"start":{"line":132,"column":4},"end":{"line":134,"column":null}},{"start":{},"end":{}}],"line":132},"9":{"loc":{"start":{"line":148,"column":4},"end":{"line":150,"column":null}},"type":"if","locations":[{"start":{"line":148,"column":4},"end":{"line":150,"column":null}},{"start":{},"end":{}}],"line":148},"10":{"loc":{"start":{"line":151,"column":4},"end":{"line":153,"column":null}},"type":"if","locations":[{"start":{"line":151,"column":4},"end":{"line":153,"column":null}},{"start":{},"end":{}}],"line":151},"11":{"loc":{"start":{"line":189,"column":6},"end":{"line":189,"column":null}},"type":"cond-expr","locations":[{"start":{"line":189,"column":19},"end":{"line":189,"column":52}},{"start":{"line":189,"column":52},"end":{"line":189,"column":null}}],"line":189},"12":{"loc":{"start":{"line":190,"column":6},"end":{"line":190,"column":null}},"type":"cond-expr","locations":[{"start":{"line":190,"column":19},"end":{"line":190,"column":52}},{"start":{"line":190,"column":52},"end":{"line":190,"column":null}}],"line":190},"13":{"loc":{"start":{"line":191,"column":6},"end":{"line":191,"column":null}},"type":"cond-expr","locations":[{"start":{"line":191,"column":20},"end":{"line":191,"column":55}},{"start":{"line":191,"column":55},"end":{"line":191,"column":null}}],"line":191},"14":{"loc":{"start":{"line":199,"column":6},"end":{"line":199,"column":null}},"type":"binary-expr","locations":[{"start":{"line":199,"column":6},"end":{"line":199,"column":26}},{"start":{"line":199,"column":26},"end":{"line":199,"column":null}}],"line":199},"15":{"loc":{"start":{"line":204,"column":6},"end":{"line":204,"column":null}},"type":"binary-expr","locations":[{"start":{"line":204,"column":6},"end":{"line":204,"column":26}},{"start":{"line":204,"column":26},"end":{"line":204,"column":null}}],"line":204},"16":{"loc":{"start":{"line":286,"column":8},"end":{"line":288,"column":null}},"type":"if","locations":[{"start":{"line":286,"column":8},"end":{"line":288,"column":null}},{"start":{},"end":{}}],"line":286},"17":{"loc":{"start":{"line":286,"column":12},"end":{"line":286,"column":63}},"type":"binary-expr","locations":[{"start":{"line":286,"column":12},"end":{"line":286,"column":46}},{"start":{"line":286,"column":46},"end":{"line":286,"column":63}}],"line":286},"18":{"loc":{"start":{"line":289,"column":8},"end":{"line":292,"column":null}},"type":"if","locations":[{"start":{"line":289,"column":8},"end":{"line":292,"column":null}},{"start":{},"end":{}}],"line":289},"19":{"loc":{"start":{"line":291,"column":10},"end":{"line":291,"column":null}},"type":"if","locations":[{"start":{"line":291,"column":10},"end":{"line":291,"column":null}},{"start":{},"end":{}}],"line":291},"20":{"loc":{"start":{"line":297,"column":4},"end":{"line":304,"column":null}},"type":"if","locations":[{"start":{"line":297,"column":4},"end":{"line":304,"column":null}},{"start":{},"end":{}}],"line":297},"21":{"loc":{"start":{"line":298,"column":6},"end":{"line":300,"column":null}},"type":"if","locations":[{"start":{"line":298,"column":6},"end":{"line":300,"column":null}},{"start":{},"end":{}}],"line":298},"22":{"loc":{"start":{"line":298,"column":10},"end":{"line":298,"column":83}},"type":"binary-expr","locations":[{"start":{"line":298,"column":10},"end":{"line":298,"column":55}},{"start":{"line":298,"column":55},"end":{"line":298,"column":83}}],"line":298},"23":{"loc":{"start":{"line":301,"column":6},"end":{"line":303,"column":null}},"type":"if","locations":[{"start":{"line":301,"column":6},"end":{"line":303,"column":null}},{"start":{},"end":{}}],"line":301},"24":{"loc":{"start":{"line":306,"column":11},"end":{"line":306,"column":null}},"type":"binary-expr","locations":[{"start":{"line":306,"column":11},"end":{"line":306,"column":30}},{"start":{"line":306,"column":30},"end":{"line":306,"column":null}}],"line":306},"25":{"loc":{"start":{"line":315,"column":8},"end":{"line":317,"column":null}},"type":"if","locations":[{"start":{"line":315,"column":8},"end":{"line":317,"column":null}},{"start":{},"end":{}}],"line":315},"26":{"loc":{"start":{"line":315,"column":12},"end":{"line":315,"column":62}},"type":"binary-expr","locations":[{"start":{"line":315,"column":12},"end":{"line":315,"column":45}},{"start":{"line":315,"column":45},"end":{"line":315,"column":62}}],"line":315},"27":{"loc":{"start":{"line":318,"column":8},"end":{"line":321,"column":null}},"type":"if","locations":[{"start":{"line":318,"column":8},"end":{"line":321,"column":null}},{"start":{},"end":{}}],"line":318},"28":{"loc":{"start":{"line":320,"column":10},"end":{"line":320,"column":null}},"type":"if","locations":[{"start":{"line":320,"column":10},"end":{"line":320,"column":null}},{"start":{},"end":{}}],"line":320},"29":{"loc":{"start":{"line":326,"column":4},"end":{"line":333,"column":null}},"type":"if","locations":[{"start":{"line":326,"column":4},"end":{"line":333,"column":null}},{"start":{},"end":{}}],"line":326},"30":{"loc":{"start":{"line":327,"column":6},"end":{"line":329,"column":null}},"type":"if","locations":[{"start":{"line":327,"column":6},"end":{"line":329,"column":null}},{"start":{},"end":{}}],"line":327},"31":{"loc":{"start":{"line":327,"column":10},"end":{"line":327,"column":82}},"type":"binary-expr","locations":[{"start":{"line":327,"column":10},"end":{"line":327,"column":54}},{"start":{"line":327,"column":54},"end":{"line":327,"column":82}}],"line":327},"32":{"loc":{"start":{"line":330,"column":6},"end":{"line":332,"column":null}},"type":"if","locations":[{"start":{"line":330,"column":6},"end":{"line":332,"column":null}},{"start":{},"end":{}}],"line":330},"33":{"loc":{"start":{"line":342,"column":4},"end":{"line":342,"column":null}},"type":"if","locations":[{"start":{"line":342,"column":4},"end":{"line":342,"column":null}},{"start":{},"end":{}}],"line":342},"34":{"loc":{"start":{"line":362,"column":4},"end":{"line":365,"column":null}},"type":"if","locations":[{"start":{"line":362,"column":4},"end":{"line":365,"column":null}},{"start":{},"end":{}}],"line":362},"35":{"loc":{"start":{"line":375,"column":2},"end":{"line":377,"column":null}},"type":"if","locations":[{"start":{"line":375,"column":2},"end":{"line":377,"column":null}},{"start":{},"end":{}}],"line":375}},"s":{"0":0,"1":0,"2":0,"3":0,"4":0,"5":0,"6":0,"7":0,"8":0,"9":0,"10":0,"11":0,"12":0,"13":0,"14":0,"15":0,"16":0,"17":0,"18":0,"19":0,"20":0,"21":0,"22":0,"23":0,"24":0,"25":0,"26":0,"27":0,"28":0,"29":0,"30":0,"31":0,"32":0,"33":0,"34":0,"35":0,"36":0,"37":0,"38":0,"39":0,"40":0,"41":0,"42":0,"43":0,"44":0,"45":0,"46":0,"47":0,"48":0,"49":0,"50":0,"51":0,"52":4,"53":4,"54":4,"55":4,"56":33,"57":1,"58":2,"59":0,"60":0,"61":0,"62":0,"63":0,"64":0,"65":0,"66":0,"67":2,"68":1,"69":1,"70":0,"71":0,"72":1,"73":0,"74":0,"75":0,"76":0,"77":0,"78":0,"79":0,"80":0,"81":0,"82":0,"83":0,"84":0,"85":0,"86":0,"87":0,"88":5,"89":0,"90":5,"91":6,"92":0,"93":0,"94":0,"95":0,"96":0,"97":0,"98":0,"99":1,"100":1,"101":0,"102":0,"103":0},"f":{"0":0,"1":0,"2":0,"3":0,"4":0,"5":0,"6":0,"7":0,"8":0,"9":0,"10":0,"11":0,"12":0,"13":1,"14":33,"15":1,"16":0,"17":1,"18":0,"19":1,"20":6,"21":0,"22":0},"b":{"0":[0,0],"1":[0,0],"2":[0,0],"3":[0,0],"4":[0,0],"5":[0,0],"6":[0,0],"7":[0,0],"8":[0,0],"9":[0,0],"10":[0,0],"11":[0,0],"12":[0,0],"13":[0,0],"14":[0,0],"15":[0,0],"16":[0,0],"17":[0,0],"18":[0,0],"19":[0,0],"20":[1,1],"21":[1,0],"22":[1,1],"23":[0,0],"24":[1,0],"25":[0,0],"26":[0,0],"27":[0,0],"28":[0,0],"29":[0,0],"30":[0,0],"31":[0,0],"32":[0,0],"33":[0,5],"34":[0,0],"35":[0,0]},"meta":{"lastBranch":36,"lastFunction":23,"lastStatement":104,"seen":{"f:52:7:52:13":0,"s:53:2:53:Infinity":0,"f:58:8:58:35":1,"s:59:21:59:Infinity":1,"s:60:4:60:Infinity":2,"f:66:8:66:21":2,"s:72:25:72:Infinity":3,"b:73:4:75:Infinity:undefined:undefined:undefined:undefined":0,"s:73:4:75:Infinity":4,"s:74:6:74:Infinity":5,"b:76:4:78:Infinity:undefined:undefined:undefined:undefined":1,"s:76:4:78:Infinity":6,"s:77:6:77:Infinity":7,"b:79:4:81:Infinity:undefined:undefined:undefined:undefined":2,"s:79:4:81:Infinity":8,"s:80:6:80:Infinity":9,"b:82:4:84:Infinity:undefined:undefined:undefined:undefined":3,"s:82:4:84:Infinity":10,"s:83:6:83:Infinity":11,"s:86:21:86:Infinity":12,"s:87:4:87:Infinity":13,"f:93:8:93:19":3,"s:97:25:97:Infinity":14,"b:98:4:100:Infinity:undefined:undefined:undefined:undefined":4,"s:98:4:100:Infinity":15,"s:99:6:99:Infinity":16,"b:101:4:103:Infinity:undefined:undefined:undefined:undefined":5,"s:101:4:103:Infinity":17,"s:102:6:102:Infinity":18,"s:105:21:105:Infinity":19,"s:106:4:106:Infinity":20,"f:112:8:112:22":4,"s:113:21:113:Infinity":21,"s:114:4:114:Infinity":22,"f:120:8:120:20":5,"s:125:25:125:Infinity":23,"b:126:4:128:Infinity:undefined:undefined:undefined:undefined":6,"s:126:4:128:Infinity":24,"s:127:6:127:Infinity":25,"b:129:4:131:Infinity:undefined:undefined:undefined:undefined":7,"s:129:4:131:Infinity":26,"s:130:6:130:Infinity":27,"b:132:4:134:Infinity:undefined:undefined:undefined:undefined":8,"s:132:4:134:Infinity":28,"s:133:6:133:Infinity":29,"s:136:21:136:Infinity":30,"s:137:4:137:Infinity":31,"f:143:8:143:18":6,"s:147:25:147:Infinity":32,"b:148:4:150:Infinity:undefined:undefined:undefined:undefined":9,"s:148:4:150:Infinity":33,"s:149:6:149:Infinity":34,"b:151:4:153:Infinity:undefined:undefined:undefined:undefined":10,"s:151:4:153:Infinity":35,"s:152:6:152:Infinity":36,"s:155:21:155:Infinity":37,"s:156:4:156:Infinity":38,"f:162:8:162:56":7,"s:163:21:163:Infinity":39,"s:164:4:164:Infinity":40,"f:170:8:170:17":8,"s:171:21:171:Infinity":41,"s:172:4:172:Infinity":42,"f:178:8:178:20":9,"s:188:18:209:Infinity":43,"b:189:19:189:52:189:52:189:Infinity":11,"b:190:19:190:52:190:52:190:Infinity":12,"b:191:20:191:55:191:55:191:Infinity":13,"b:199:6:199:26:199:26:199:Infinity":14,"b:204:6:204:26:204:26:204:Infinity":15,"s:211:25:214:Infinity":44,"s:216:17:219:Infinity":45,"s:221:21:224:Infinity":46,"s:226:4:226:Infinity":47,"f:232:8:232:22":10,"s:236:21:239:Infinity":48,"s:240:4:240:Infinity":49,"f:246:8:246:22":11,"s:247:4:247:Infinity":50,"f:253:8:253:15":12,"s:258:4:258:Infinity":51,"f:264:9:264:22":13,"s:265:4:277:Infinity":52,"s:267:21:267:Infinity":53,"s:268:21:268:Infinity":54,"s:269:6:274:Infinity":55,"f:272:15:272:16":14,"s:272:22:272:75":56,"s:276:6:276:Infinity":57,"f:283:9:283:22":15,"s:284:29:295:Infinity":58,"f:284:29:284:30":16,"s:285:6:293:Infinity":59,"b:286:8:288:Infinity:undefined:undefined:undefined:undefined":16,"s:286:8:288:Infinity":60,"b:286:12:286:46:286:46:286:63":17,"s:287:10:287:Infinity":61,"b:289:8:292:Infinity:undefined:undefined:undefined:undefined":18,"s:289:8:292:Infinity":62,"s:290:23:290:Infinity":63,"b:291:10:291:Infinity:undefined:undefined:undefined:undefined":19,"s:291:10:291:Infinity":64,"s:291:20:291:Infinity":65,"s:294:6:294:Infinity":66,"b:297:4:304:Infinity:undefined:undefined:undefined:undefined":20,"s:297:4:304:Infinity":67,"b:298:6:300:Infinity:undefined:undefined:undefined:undefined":21,"s:298:6:300:Infinity":68,"b:298:10:298:55:298:55:298:83":22,"s:299:8:299:Infinity":69,"b:301:6:303:Infinity:undefined:undefined:undefined:undefined":23,"s:301:6:303:Infinity":70,"s:302:8:302:Infinity":71,"s:306:4:306:Infinity":72,"b:306:11:306:30:306:30:306:Infinity":24,"f:312:9:312:17":17,"s:313:29:324:Infinity":73,"f:313:29:313:30":18,"s:314:6:322:Infinity":74,"b:315:8:317:Infinity:undefined:undefined:undefined:undefined":25,"s:315:8:317:Infinity":75,"b:315:12:315:45:315:45:315:62":26,"s:316:10:316:Infinity":76,"b:318:8:321:Infinity:undefined:undefined:undefined:undefined":27,"s:318:8:321:Infinity":77,"s:319:23:319:Infinity":78,"b:320:10:320:Infinity:undefined:undefined:undefined:undefined":28,"s:320:10:320:Infinity":79,"s:320:20:320:Infinity":80,"s:323:6:323:Infinity":81,"b:326:4:333:Infinity:undefined:undefined:undefined:undefined":29,"s:326:4:333:Infinity":82,"b:327:6:329:Infinity:undefined:undefined:undefined:undefined":30,"s:327:6:329:Infinity":83,"b:327:10:327:54:327:54:327:82":31,"s:328:8:328:Infinity":84,"b:330:6:332:Infinity:undefined:undefined:undefined:undefined":32,"s:330:6:332:Infinity":85,"s:331:8:331:Infinity":86,"s:335:4:335:Infinity":87,"f:341:9:341:19":19,"b:342:4:342:Infinity:undefined:undefined:undefined:undefined":33,"s:342:4:342:Infinity":88,"s:342:35:342:Infinity":89,"s:343:4:343:Infinity":90,"f:343:40:343:45":20,"s:343:45:343:88":91,"f:349:16:349:22":21,"s:350:10:350:Infinity":92,"s:351:18:351:Infinity":93,"s:353:21:360:Infinity":94,"b:362:4:365:Infinity:undefined:undefined:undefined:undefined":34,"s:362:4:365:Infinity":95,"s:363:20:363:Infinity":96,"s:364:6:364:Infinity":97,"s:367:4:367:Infinity":98,"s:372:38:372:Infinity":99,"s:374:30:379:Infinity":100,"f:374:30:374:49":22,"b:375:2:377:Infinity:undefined:undefined:undefined:undefined":35,"s:375:2:377:Infinity":101,"s:376:4:376:Infinity":102,"s:378:2:378:Infinity":103}}}
,"/Users/jim/work/fiduciary/services/gmailOAuth.ts": {"path":"/Users/jim/work/fiduciary/services/gmailOAuth.ts","statementMap":{"0":{"start":{"line":20,"column":2},"end":{"line":20,"column":null}},"1":{"start":{"line":21,"column":2},"end":{"line":21,"column":null}},"2":{"start":{"line":22,"column":2},"end":{"line":22,"column":null}},"3":{"start":{"line":34,"column":4},"end":{"line":37,"column":null}},"4":{"start":{"line":26,"column":2},"end":{"line":31,"column":null}},"5":{"start":{"line":45,"column":4},"end":{"line":47,"column":null}},"6":{"start":{"line":46,"column":6},"end":{"line":46,"column":null}},"7":{"start":{"line":49,"column":4},"end":{"line":62,"column":null}},"8":{"start":{"line":53,"column":8},"end":{"line":57,"column":null}},"9":{"start":{"line":54,"column":10},"end":{"line":54,"column":null}},"10":{"start":{"line":55,"column":10},"end":{"line":55,"column":null}},"11":{"start":{"line":56,"column":10},"end":{"line":56,"column":null}},"12":{"start":{"line":60,"column":8},"end":{"line":60,"column":null}},"13":{"start":{"line":69,"column":4},"end":{"line":97,"column":null}},"14":{"start":{"line":70,"column":6},"end":{"line":73,"column":null}},"15":{"start":{"line":71,"column":8},"end":{"line":71,"column":null}},"16":{"start":{"line":72,"column":8},"end":{"line":72,"column":null}},"17":{"start":{"line":76,"column":6},"end":{"line":79,"column":null}},"18":{"start":{"line":77,"column":8},"end":{"line":77,"column":null}},"19":{"start":{"line":78,"column":8},"end":{"line":78,"column":null}},"20":{"start":{"line":82,"column":31},"end":{"line":82,"column":null}},"21":{"start":{"line":83,"column":6},"end":{"line":94,"column":null}},"22":{"start":{"line":84,"column":8},"end":{"line":91,"column":null}},"23":{"start":{"line":85,"column":10},"end":{"line":85,"column":null}},"24":{"start":{"line":86,"column":10},"end":{"line":86,"column":null}},"25":{"start":{"line":87,"column":10},"end":{"line":87,"column":null}},"26":{"start":{"line":88,"column":10},"end":{"line":88,"column":null}},"27":{"start":{"line":89,"column":8},"end":{"line":91,"column":null}},"28":{"start":{"line":90,"column":10},"end":{"line":90,"column":null}},"29":{"start":{"line":93,"column":8},"end":{"line":93,"column":null}},"30":{"start":{"line":96,"column":6},"end":{"line":96,"column":null}},"31":{"start":{"line":104,"column":4},"end":{"line":106,"column":null}},"32":{"start":{"line":105,"column":6},"end":{"line":105,"column":null}},"33":{"start":{"line":109,"column":19},"end":{"line":109,"column":null}},"34":{"start":{"line":110,"column":4},"end":{"line":114,"column":null}},"35":{"start":{"line":111,"column":6},"end":{"line":111,"column":null}},"36":{"start":{"line":112,"column":6},"end":{"line":112,"column":null}},"37":{"start":{"line":113,"column":6},"end":{"line":113,"column":null}},"38":{"start":{"line":117,"column":4},"end":{"line":117,"column":null}},"39":{"start":{"line":124,"column":4},"end":{"line":131,"column":null}},"40":{"start":{"line":125,"column":6},"end":{"line":127,"column":null}},"41":{"start":{"line":126,"column":8},"end":{"line":126,"column":null}},"42":{"start":{"line":128,"column":6},"end":{"line":128,"column":null}},"43":{"start":{"line":129,"column":6},"end":{"line":129,"column":null}},"44":{"start":{"line":130,"column":6},"end":{"line":130,"column":null}},"45":{"start":{"line":138,"column":4},"end":{"line":138,"column":null}},"46":{"start":{"line":145,"column":17},"end":{"line":149,"column":null}},"47":{"start":{"line":150,"column":4},"end":{"line":150,"column":null}},"48":{"start":{"line":157,"column":19},"end":{"line":157,"column":null}},"49":{"start":{"line":158,"column":4},"end":{"line":164,"column":null}},"50":{"start":{"line":159,"column":6},"end":{"line":163,"column":null}},"51":{"start":{"line":160,"column":8},"end":{"line":160,"column":null}},"52":{"start":{"line":162,"column":8},"end":{"line":162,"column":null}},"53":{"start":{"line":165,"column":4},"end":{"line":165,"column":null}},"54":{"start":{"line":172,"column":4},"end":{"line":172,"column":null}},"55":{"start":{"line":182,"column":4},"end":{"line":184,"column":null}},"56":{"start":{"line":183,"column":6},"end":{"line":183,"column":null}},"57":{"start":{"line":186,"column":4},"end":{"line":200,"column":null}},"58":{"start":{"line":187,"column":20},"end":{"line":187,"column":null}},"59":{"start":{"line":188,"column":6},"end":{"line":190,"column":null}},"60":{"start":{"line":189,"column":8},"end":{"line":189,"column":null}},"61":{"start":{"line":192,"column":22},"end":{"line":192,"column":null}},"62":{"start":{"line":193,"column":22},"end":{"line":195,"column":null}},"63":{"start":{"line":197,"column":6},"end":{"line":197,"column":null}},"64":{"start":{"line":199,"column":6},"end":{"line":199,"column":null}},"65":{"start":{"line":209,"column":4},"end":{"line":209,"column":null}},"66":{"start":{"line":216,"column":4},"end":{"line":239,"column":null}},"67":{"start":{"line":217,"column":6},"end":{"line":220,"column":null}},"68":{"start":{"line":218,"column":8},"end":{"line":218,"column":null}},"69":{"start":{"line":219,"column":8},"end":{"line":219,"column":null}},"70":{"start":{"line":222,"column":25},"end":{"line":236,"column":null}},"71":{"start":{"line":227,"column":10},"end":{"line":231,"column":null}},"72":{"start":{"line":228,"column":12},"end":{"line":228,"column":null}},"73":{"start":{"line":230,"column":12},"end":{"line":230,"column":null}},"74":{"start":{"line":234,"column":10},"end":{"line":234,"column":null}},"75":{"start":{"line":238,"column":6},"end":{"line":238,"column":null}},"76":{"start":{"line":248,"column":2},"end":{"line":261,"column":null}},"77":{"start":{"line":249,"column":4},"end":{"line":252,"column":null}},"78":{"start":{"line":250,"column":6},"end":{"line":250,"column":null}},"79":{"start":{"line":251,"column":6},"end":{"line":251,"column":null}},"80":{"start":{"line":254,"column":19},"end":{"line":254,"column":null}},"81":{"start":{"line":255,"column":4},"end":{"line":255,"column":null}},"82":{"start":{"line":256,"column":4},"end":{"line":256,"column":null}},"83":{"start":{"line":257,"column":4},"end":{"line":257,"column":null}},"84":{"start":{"line":258,"column":4},"end":{"line":258,"column":null}},"85":{"start":{"line":258,"column":26},"end":{"line":258,"column":null}},"86":{"start":{"line":259,"column":4},"end":{"line":259,"column":null}},"87":{"start":{"line":259,"column":27},"end":{"line":259,"column":null}},"88":{"start":{"line":260,"column":4},"end":{"line":260,"column":null}},"89":{"start":{"line":265,"column":50},"end":{"line":265,"column":null}},"90":{"start":{"line":267,"column":36},"end":{"line":275,"column":null}},"91":{"start":{"line":268,"column":2},"end":{"line":270,"column":null}},"92":{"start":{"line":269,"column":4},"end":{"line":269,"column":null}},"93":{"start":{"line":271,"column":2},"end":{"line":273,"column":null}},"94":{"start":{"line":272,"column":4},"end":{"line":272,"column":null}},"95":{"start":{"line":274,"column":2},"end":{"line":274,"column":null}}},"fnMap":{"0":{"name":"(anonymous_0)","decl":{"start":{"line":33,"column":2},"end":{"line":33,"column":14}},"loc":{"start":{"line":33,"column":40},"end":{"line":38,"column":null}},"line":33},"1":{"name":"(anonymous_1)","decl":{"start":{"line":44,"column":2},"end":{"line":44,"column":21}},"loc":{"start":{"line":44,"column":21},"end":{"line":63,"column":null}},"line":44},"2":{"name":"(anonymous_2)","decl":{"start":{"line":52,"column":16},"end":{"line":52,"column":17}},"loc":{"start":{"line":52,"column":50},"end":{"line":58,"column":null}},"line":52},"3":{"name":"(anonymous_3)","decl":{"start":{"line":59,"column":22},"end":{"line":59,"column":23}},"loc":{"start":{"line":59,"column":38},"end":{"line":61,"column":null}},"line":59},"4":{"name":"(anonymous_4)","decl":{"start":{"line":68,"column":8},"end":{"line":68,"column":40}},"loc":{"start":{"line":68,"column":40},"end":{"line":98,"column":null}},"line":68},"5":{"name":"(anonymous_5)","decl":{"start":{"line":69,"column":23},"end":{"line":69,"column":24}},"loc":{"start":{"line":69,"column":44},"end":{"line":97,"column":5}},"line":69},"6":{"name":"(anonymous_6)","decl":{"start":{"line":83,"column":34},"end":{"line":83,"column":35}},"loc":{"start":{"line":83,"column":68},"end":{"line":94,"column":null}},"line":83},"7":{"name":"(anonymous_7)","decl":{"start":{"line":103,"column":8},"end":{"line":103,"column":36}},"loc":{"start":{"line":103,"column":36},"end":{"line":118,"column":null}},"line":103},"8":{"name":"(anonymous_8)","decl":{"start":{"line":123,"column":2},"end":{"line":123,"column":22}},"loc":{"start":{"line":123,"column":22},"end":{"line":132,"column":null}},"line":123},"9":{"name":"(anonymous_9)","decl":{"start":{"line":125,"column":54},"end":{"line":125,"column":60}},"loc":{"start":{"line":125,"column":60},"end":{"line":127,"column":7}},"line":125},"10":{"name":"(anonymous_10)","decl":{"start":{"line":137,"column":2},"end":{"line":137,"column":29}},"loc":{"start":{"line":137,"column":29},"end":{"line":139,"column":null}},"line":137},"11":{"name":"(anonymous_11)","decl":{"start":{"line":144,"column":10},"end":{"line":144,"column":21}},"loc":{"start":{"line":144,"column":57},"end":{"line":151,"column":null}},"line":144},"12":{"name":"(anonymous_12)","decl":{"start":{"line":156,"column":10},"end":{"line":156,"column":71}},"loc":{"start":{"line":156,"column":71},"end":{"line":166,"column":null}},"line":156},"13":{"name":"(anonymous_13)","decl":{"start":{"line":171,"column":10},"end":{"line":171,"column":35}},"loc":{"start":{"line":171,"column":35},"end":{"line":173,"column":null}},"line":171},"14":{"name":"(anonymous_14)","decl":{"start":{"line":181,"column":2},"end":{"line":181,"column":18}},"loc":{"start":{"line":181,"column":48},"end":{"line":201,"column":null}},"line":181},"15":{"name":"(anonymous_15)","decl":{"start":{"line":208,"column":2},"end":{"line":208,"column":19}},"loc":{"start":{"line":208,"column":40},"end":{"line":210,"column":null}},"line":208},"16":{"name":"(anonymous_16)","decl":{"start":{"line":215,"column":8},"end":{"line":215,"column":48}},"loc":{"start":{"line":215,"column":48},"end":{"line":240,"column":null}},"line":215},"17":{"name":"(anonymous_17)","decl":{"start":{"line":216,"column":23},"end":{"line":216,"column":24}},"loc":{"start":{"line":216,"column":44},"end":{"line":239,"column":5}},"line":216},"18":{"name":"(anonymous_18)","decl":{"start":{"line":226,"column":18},"end":{"line":226,"column":19}},"loc":{"start":{"line":226,"column":37},"end":{"line":232,"column":null}},"line":226},"19":{"name":"(anonymous_19)","decl":{"start":{"line":233,"column":24},"end":{"line":233,"column":25}},"loc":{"start":{"line":233,"column":40},"end":{"line":235,"column":null}},"line":233},"20":{"name":"loadGIS","decl":{"start":{"line":247,"column":16},"end":{"line":247,"column":41}},"loc":{"start":{"line":247,"column":41},"end":{"line":262,"column":null}},"line":247},"21":{"name":"(anonymous_21)","decl":{"start":{"line":248,"column":21},"end":{"line":248,"column":22}},"loc":{"start":{"line":248,"column":42},"end":{"line":261,"column":3}},"line":248},"22":{"name":"(anonymous_22)","decl":{"start":{"line":258,"column":20},"end":{"line":258,"column":26}},"loc":{"start":{"line":258,"column":26},"end":{"line":258,"column":null}},"line":258},"23":{"name":"(anonymous_23)","decl":{"start":{"line":259,"column":21},"end":{"line":259,"column":27}},"loc":{"start":{"line":259,"column":27},"end":{"line":259,"column":null}},"line":259},"24":{"name":"(anonymous_24)","decl":{"start":{"line":267,"column":36},"end":{"line":267,"column":37}},"loc":{"start":{"line":267,"column":86},"end":{"line":275,"column":null}},"line":267}},"branchMap":{"0":{"loc":{"start":{"line":36,"column":13},"end":{"line":36,"column":null}},"type":"binary-expr","locations":[{"start":{"line":36,"column":13},"end":{"line":36,"column":29}},{"start":{"line":36,"column":29},"end":{"line":36,"column":null}}],"line":36},"1":{"loc":{"start":{"line":45,"column":4},"end":{"line":47,"column":null}},"type":"if","locations":[{"start":{"line":45,"column":4},"end":{"line":47,"column":null}},{"start":{},"end":{}}],"line":45},"2":{"loc":{"start":{"line":45,"column":8},"end":{"line":45,"column":59}},"type":"binary-expr","locations":[{"start":{"line":45,"column":8},"end":{"line":45,"column":41}},{"start":{"line":45,"column":41},"end":{"line":45,"column":59}}],"line":45},"3":{"loc":{"start":{"line":53,"column":8},"end":{"line":57,"column":null}},"type":"if","locations":[{"start":{"line":53,"column":8},"end":{"line":57,"column":null}},{"start":{},"end":{}}],"line":53},"4":{"loc":{"start":{"line":70,"column":6},"end":{"line":73,"column":null}},"type":"if","locations":[{"start":{"line":70,"column":6},"end":{"line":73,"column":null}},{"start":{},"end":{}}],"line":70},"5":{"loc":{"start":{"line":76,"column":6},"end":{"line":79,"column":null}},"type":"if","locations":[{"start":{"line":76,"column":6},"end":{"line":79,"column":null}},{"start":{},"end":{}}],"line":76},"6":{"loc":{"start":{"line":76,"column":10},"end":{"line":76,"column":61}},"type":"binary-expr","locations":[{"start":{"line":76,"column":10},"end":{"line":76,"column":30}},{"start":{"line":76,"column":30},"end":{"line":76,"column":61}}],"line":76},"7":{"loc":{"start":{"line":84,"column":8},"end":{"line":91,"column":null}},"type":"if","locations":[{"start":{"line":84,"column":8},"end":{"line":91,"column":null}},{"start":{"line":89,"column":8},"end":{"line":91,"column":null}}],"line":84},"8":{"loc":{"start":{"line":89,"column":8},"end":{"line":91,"column":null}},"type":"if","locations":[{"start":{"line":89,"column":8},"end":{"line":91,"column":null}},{"start":{},"end":{}}],"line":89},"9":{"loc":{"start":{"line":90,"column":27},"end":{"line":90,"column":67}},"type":"binary-expr","locations":[{"start":{"line":90,"column":27},"end":{"line":90,"column":45}},{"start":{"line":90,"column":45},"end":{"line":90,"column":67}}],"line":90},"10":{"loc":{"start":{"line":104,"column":4},"end":{"line":106,"column":null}},"type":"if","locations":[{"start":{"line":104,"column":4},"end":{"line":106,"column":null}},{"start":{},"end":{}}],"line":104},"11":{"loc":{"start":{"line":104,"column":8},"end":{"line":104,"column":59}},"type":"binary-expr","locations":[{"start":{"line":104,"column":8},"end":{"line":104,"column":28}},{"start":{"line":104,"column":28},"end":{"line":104,"column":59}}],"line":104},"12":{"loc":{"start":{"line":110,"column":4},"end":{"line":114,"column":null}},"type":"if","locations":[{"start":{"line":110,"column":4},"end":{"line":114,"column":null}},{"start":{},"end":{}}],"line":110},"13":{"loc":{"start":{"line":110,"column":8},"end":{"line":110,"column":46}},"type":"binary-expr","locations":[{"start":{"line":110,"column":8},"end":{"line":110,"column":18}},{"start":{"line":110,"column":18},"end":{"line":110,"column":46}}],"line":110},"14":{"loc":{"start":{"line":124,"column":4},"end":{"line":131,"column":null}},"type":"if","locations":[{"start":{"line":124,"column":4},"end":{"line":131,"column":null}},{"start":{},"end":{}}],"line":124},"15":{"loc":{"start":{"line":138,"column":11},"end":{"line":138,"column":null}},"type":"binary-expr","locations":[{"start":{"line":138,"column":11},"end":{"line":138,"column":33}},{"start":{"line":138,"column":33},"end":{"line":138,"column":null}}],"line":138},"16":{"loc":{"start":{"line":158,"column":4},"end":{"line":164,"column":null}},"type":"if","locations":[{"start":{"line":158,"column":4},"end":{"line":164,"column":null}},{"start":{},"end":{}}],"line":158},"17":{"loc":{"start":{"line":182,"column":4},"end":{"line":184,"column":null}},"type":"if","locations":[{"start":{"line":182,"column":4},"end":{"line":184,"column":null}},{"start":{},"end":{}}],"line":182},"18":{"loc":{"start":{"line":188,"column":6},"end":{"line":190,"column":null}},"type":"if","locations":[{"start":{"line":188,"column":6},"end":{"line":190,"column":null}},{"start":{},"end":{}}],"line":188},"19":{"loc":{"start":{"line":197,"column":13},"end":{"line":197,"column":null}},"type":"binary-expr","locations":[{"start":{"line":197,"column":13},"end":{"line":197,"column":28}},{"start":{"line":197,"column":28},"end":{"line":197,"column":null}}],"line":197},"20":{"loc":{"start":{"line":217,"column":6},"end":{"line":220,"column":null}},"type":"if","locations":[{"start":{"line":217,"column":6},"end":{"line":220,"column":null}},{"start":{},"end":{}}],"line":217},"21":{"loc":{"start":{"line":217,"column":10},"end":{"line":217,"column":61}},"type":"binary-expr","locations":[{"start":{"line":217,"column":10},"end":{"line":217,"column":43}},{"start":{"line":217,"column":43},"end":{"line":217,"column":61}}],"line":217},"22":{"loc":{"start":{"line":225,"column":22},"end":{"line":225,"column":null}},"type":"binary-expr","locations":[{"start":{"line":225,"column":22},"end":{"line":225,"column":50}},{"start":{"line":225,"column":50},"end":{"line":225,"column":null}}],"line":225},"23":{"loc":{"start":{"line":227,"column":10},"end":{"line":231,"column":null}},"type":"if","locations":[{"start":{"line":227,"column":10},"end":{"line":231,"column":null}},{"start":{"line":229,"column":17},"end":{"line":231,"column":null}}],"line":227},"24":{"loc":{"start":{"line":230,"column":29},"end":{"line":230,"column":69}},"type":"binary-expr","locations":[{"start":{"line":230,"column":29},"end":{"line":230,"column":47}},{"start":{"line":230,"column":47},"end":{"line":230,"column":69}}],"line":230},"25":{"loc":{"start":{"line":249,"column":4},"end":{"line":252,"column":null}},"type":"if","locations":[{"start":{"line":249,"column":4},"end":{"line":252,"column":null}},{"start":{},"end":{}}],"line":249},"26":{"loc":{"start":{"line":249,"column":8},"end":{"line":249,"column":58}},"type":"binary-expr","locations":[{"start":{"line":249,"column":8},"end":{"line":249,"column":41}},{"start":{"line":249,"column":41},"end":{"line":249,"column":58}}],"line":249},"27":{"loc":{"start":{"line":268,"column":2},"end":{"line":270,"column":null}},"type":"if","locations":[{"start":{"line":268,"column":2},"end":{"line":270,"column":null}},{"start":{},"end":{}}],"line":268},"28":{"loc":{"start":{"line":268,"column":6},"end":{"line":268,"column":36}},"type":"binary-expr","locations":[{"start":{"line":268,"column":6},"end":{"line":268,"column":28}},{"start":{"line":268,"column":28},"end":{"line":268,"column":36}}],"line":268},"29":{"loc":{"start":{"line":271,"column":2},"end":{"line":273,"column":null}},"type":"if","locations":[{"start":{"line":271,"column":2},"end":{"line":273,"column":null}},{"start":{},"end":{}}],"line":271}},"s":{"0":11,"1":11,"2":11,"3":11,"4":1,"5":4,"6":1,"7":3,"8":0,"9":0,"10":0,"11":0,"12":0,"13":0,"14":0,"15":0,"16":0,"17":0,"18":0,"19":0,"20":0,"21":0,"22":0,"23":0,"24":0,"25":0,"26":0,"27":0,"28":0,"29":0,"30":0,"31":0,"32":0,"33":0,"34":0,"35":0,"36":0,"37":0,"38":0,"39":0,"40":0,"41":0,"42":0,"43":0,"44":0,"45":0,"46":0,"47":0,"48":0,"49":0,"50":0,"51":0,"52":0,"53":0,"54":1,"55":4,"56":1,"57":3,"58":3,"59":3,"60":1,"61":2,"62":2,"63":2,"64":0,"65":3,"66":0,"67":0,"68":0,"69":0,"70":0,"71":0,"72":0,"73":0,"74":0,"75":0,"76":2,"77":2,"78":1,"79":1,"80":1,"81":1,"82":1,"83":1,"84":1,"85":1,"86":1,"87":0,"88":1,"89":1,"90":1,"91":0,"92":0,"93":0,"94":0,"95":0},"f":{"0":11,"1":4,"2":0,"3":0,"4":0,"5":0,"6":0,"7":0,"8":0,"9":0,"10":0,"11":0,"12":0,"13":1,"14":4,"15":3,"16":0,"17":0,"18":0,"19":0,"20":2,"21":2,"22":1,"23":0,"24":0},"b":{"0":[11,0],"1":[1,3],"2":[4,3],"3":[0,0],"4":[0,0],"5":[0,0],"6":[0,0],"7":[0,0],"8":[0,0],"9":[0,0],"10":[0,0],"11":[0,0],"12":[0,0],"13":[0,0],"14":[0,0],"15":[0,0],"16":[0,0],"17":[1,3],"18":[1,2],"19":[2,1],"20":[0,0],"21":[0,0],"22":[0,0],"23":[0,0],"24":[0,0],"25":[1,1],"26":[2,1],"27":[0,0],"28":[0,0],"29":[0,0]},"meta":{"lastBranch":30,"lastFunction":25,"lastStatement":96,"seen":{"f:33:2:33:14":0,"s:20:2:20:Infinity":0,"s:21:2:21:Infinity":1,"s:22:2:22:Infinity":2,"s:34:4:37:Infinity":3,"b:36:13:36:29:36:29:36:Infinity":0,"s:26:2:31:Infinity":4,"f:44:2:44:21":1,"b:45:4:47:Infinity:undefined:undefined:undefined:undefined":1,"s:45:4:47:Infinity":5,"b:45:8:45:41:45:41:45:59":2,"s:46:6:46:Infinity":6,"s:49:4:62:Infinity":7,"f:52:16:52:17":2,"b:53:8:57:Infinity:undefined:undefined:undefined:undefined":3,"s:53:8:57:Infinity":8,"s:54:10:54:Infinity":9,"s:55:10:55:Infinity":10,"s:56:10:56:Infinity":11,"f:59:22:59:23":3,"s:60:8:60:Infinity":12,"f:68:8:68:40":4,"s:69:4:97:Infinity":13,"f:69:23:69:24":5,"b:70:6:73:Infinity:undefined:undefined:undefined:undefined":4,"s:70:6:73:Infinity":14,"s:71:8:71:Infinity":15,"s:72:8:72:Infinity":16,"b:76:6:79:Infinity:undefined:undefined:undefined:undefined":5,"s:76:6:79:Infinity":17,"b:76:10:76:30:76:30:76:61":6,"s:77:8:77:Infinity":18,"s:78:8:78:Infinity":19,"s:82:31:82:Infinity":20,"s:83:6:94:Infinity":21,"f:83:34:83:35":6,"b:84:8:91:Infinity:89:8:91:Infinity":7,"s:84:8:91:Infinity":22,"s:85:10:85:Infinity":23,"s:86:10:86:Infinity":24,"s:87:10:87:Infinity":25,"s:88:10:88:Infinity":26,"b:89:8:91:Infinity:undefined:undefined:undefined:undefined":8,"s:89:8:91:Infinity":27,"s:90:10:90:Infinity":28,"b:90:27:90:45:90:45:90:67":9,"s:93:8:93:Infinity":29,"s:96:6:96:Infinity":30,"f:103:8:103:36":7,"b:104:4:106:Infinity:undefined:undefined:undefined:undefined":10,"s:104:4:106:Infinity":31,"b:104:8:104:28:104:28:104:59":11,"s:105:6:105:Infinity":32,"s:109:19:109:Infinity":33,"b:110:4:114:Infinity:undefined:undefined:undefined:undefined":12,"s:110:4:114:Infinity":34,"b:110:8:110:18:110:18:110:46":13,"s:111:6:111:Infinity":35,"s:112:6:112:Infinity":36,"s:113:6:113:Infinity":37,"s:117:4:117:Infinity":38,"f:123:2:123:22":8,"b:124:4:131:Infinity:undefined:undefined:undefined:undefined":14,"s:124:4:131:Infinity":39,"s:125:6:127:Infinity":40,"f:125:54:125:60":9,"s:126:8:126:Infinity":41,"s:128:6:128:Infinity":42,"s:129:6:129:Infinity":43,"s:130:6:130:Infinity":44,"f:137:2:137:29":10,"s:138:4:138:Infinity":45,"b:138:11:138:33:138:33:138:Infinity":15,"f:144:10:144:21":11,"s:145:17:149:Infinity":46,"s:150:4:150:Infinity":47,"f:156:10:156:71":12,"s:157:19:157:Infinity":48,"b:158:4:164:Infinity:undefined:undefined:undefined:undefined":16,"s:158:4:164:Infinity":49,"s:159:6:163:Infinity":50,"s:160:8:160:Infinity":51,"s:162:8:162:Infinity":52,"s:165:4:165:Infinity":53,"f:171:10:171:35":13,"s:172:4:172:Infinity":54,"f:181:2:181:18":14,"b:182:4:184:Infinity:undefined:undefined:undefined:undefined":17,"s:182:4:184:Infinity":55,"s:183:6:183:Infinity":56,"s:186:4:200:Infinity":57,"s:187:20:187:Infinity":58,"b:188:6:190:Infinity:undefined:undefined:undefined:undefined":18,"s:188:6:190:Infinity":59,"s:189:8:189:Infinity":60,"s:192:22:192:Infinity":61,"s:193:22:195:Infinity":62,"s:197:6:197:Infinity":63,"b:197:13:197:28:197:28:197:Infinity":19,"s:199:6:199:Infinity":64,"f:208:2:208:19":15,"s:209:4:209:Infinity":65,"f:215:8:215:48":16,"s:216:4:239:Infinity":66,"f:216:23:216:24":17,"b:217:6:220:Infinity:undefined:undefined:undefined:undefined":20,"s:217:6:220:Infinity":67,"b:217:10:217:43:217:43:217:61":21,"s:218:8:218:Infinity":68,"s:219:8:219:Infinity":69,"s:222:25:236:Infinity":70,"b:225:22:225:50:225:50:225:Infinity":22,"f:226:18:226:19":18,"b:227:10:231:Infinity:229:17:231:Infinity":23,"s:227:10:231:Infinity":71,"s:228:12:228:Infinity":72,"s:230:12:230:Infinity":73,"b:230:29:230:47:230:47:230:69":24,"f:233:24:233:25":19,"s:234:10:234:Infinity":74,"s:238:6:238:Infinity":75,"f:247:16:247:41":20,"s:248:2:261:Infinity":76,"f:248:21:248:22":21,"b:249:4:252:Infinity:undefined:undefined:undefined:undefined":25,"s:249:4:252:Infinity":77,"b:249:8:249:41:249:41:249:58":26,"s:250:6:250:Infinity":78,"s:251:6:251:Infinity":79,"s:254:19:254:Infinity":80,"s:255:4:255:Infinity":81,"s:256:4:256:Infinity":82,"s:257:4:257:Infinity":83,"s:258:4:258:Infinity":84,"f:258:20:258:26":22,"s:258:26:258:Infinity":85,"s:259:4:259:Infinity":86,"f:259:21:259:27":23,"s:259:27:259:Infinity":87,"s:260:4:260:Infinity":88,"s:265:50:265:Infinity":89,"s:267:36:275:Infinity":90,"f:267:36:267:37":24,"b:268:2:270:Infinity:undefined:undefined:undefined:undefined":27,"s:268:2:270:Infinity":91,"b:268:6:268:28:268:28:268:36":28,"s:269:4:269:Infinity":92,"b:271:2:273:Infinity:undefined:undefined:undefined:undefined":29,"s:271:2:273:Infinity":93,"s:272:4:272:Infinity":94,"s:274:2:274:Infinity":95}}}
}
